# JRE version: OpenJDK Runtime Environment (7.0_51) (build 1.7.0_51-b00)
# Java VM: OpenJDK 64-Bit Server VM (24.45-b08 mixed mode linux-amd64 compressed oops)
Heap
 PSYoungGen      total 116224K, used 17933K [0x00000000f5500000, 0x00000000fda80000, 0x0000000100000000)
  eden space 97280K, 13% used [0x00000000f5500000,0x00000000f6194da8,0x00000000fb400000)
  from space 18944K, 26% used [0x00000000fb400000,0x00000000fb8ee8e8,0x00000000fc680000)
  to   space 17920K, 0% used [0x00000000fc900000,0x00000000fc900000,0x00000000fda80000)
 ParOldGen       total 207872K, used 151573K [0x00000000e0000000, 0x00000000ecb00000, 0x00000000f5500000)
  object space 207872K, 72% used [0x00000000e0000000,0x00000000e94055e8,0x00000000ecb00000)
 PSPermGen       total 125440K, used 100565K [0x00000000d0000000, 0x00000000d7a80000, 0x00000000e0000000)
  object space 125440K, 80% used [0x00000000d0000000,0x00000000d6235650,0x00000000d7a80000)
GC Heap History (10 events):
Event: 365,306 GC heap before
{Heap before GC invocations=76 (full 12):
 PSYoungGen      total 113152K, used 92160K [0x00000000f5500000, 0x00000000fd900000, 0x0000000100000000)
  eden space 92160K, 100% used [0x00000000f5500000,0x00000000faf00000,0x00000000faf00000)
  from space 20992K, 0% used [0x00000000faf00000,0x00000000faf00000,0x00000000fc380000)
  to   space 20992K, 0% used [0x00000000fc480000,0x00000000fc480000,0x00000000fd900000)
 ParOldGen       total 207872K, used 157744K [0x00000000e0000000, 0x00000000ecb00000, 0x00000000f5500000)
  object space 207872K, 75% used [0x00000000e0000000,0x00000000e9a0c270,0x00000000ecb00000)
 PSPermGen       total 126464K, used 99707K [0x00000000d0000000, 0x00000000d7b80000, 0x00000000e0000000)
  object space 126464K, 78% used [0x00000000d0000000,0x00000000d615ee60,0x00000000d7b80000)
Event: 365,314 GC heap after
Heap after GC invocations=76 (full 12):
 PSYoungGen      total 115200K, used 5981K [0x00000000f5500000, 0x00000000fda80000, 0x0000000100000000)
  eden space 94208K, 0% used [0x00000000f5500000,0x00000000f5500000,0x00000000fb100000)
  from space 20992K, 28% used [0x00000000fc480000,0x00000000fca57490,0x00000000fd900000)
  to   space 19968K, 0% used [0x00000000fb100000,0x00000000fb100000,0x00000000fc480000)
 ParOldGen       total 207872K, used 157744K [0x00000000e0000000, 0x00000000ecb00000, 0x00000000f5500000)
  object space 207872K, 75% used [0x00000000e0000000,0x00000000e9a0c270,0x00000000ecb00000)
 PSPermGen       total 126464K, used 99707K [0x00000000d0000000, 0x00000000d7b80000, 0x00000000e0000000)
  object space 126464K, 78% used [0x00000000d0000000,0x00000000d615ee60,0x00000000d7b80000)
}
Event: 371,846 GC heap before
{Heap before GC invocations=77 (full 12):
 PSYoungGen      total 115200K, used 99797K [0x00000000f5500000, 0x00000000fda80000, 0x0000000100000000)
  eden space 94208K, 99% used [0x00000000f5500000,0x00000000fb09e170,0x00000000fb100000)
  from space 20992K, 28% used [0x00000000fc480000,0x00000000fca57490,0x00000000fd900000)
  to   space 19968K, 0% used [0x00000000fb100000,0x00000000fb100000,0x00000000fc480000)
 ParOldGen       total 207872K, used 157744K [0x00000000e0000000, 0x00000000ecb00000, 0x00000000f5500000)
  object space 207872K, 75% used [0x00000000e0000000,0x00000000e9a0c270,0x00000000ecb00000)
 PSPermGen       total 126464K, used 99708K [0x00000000d0000000, 0x00000000d7b80000, 0x00000000e0000000)
  object space 126464K, 78% used [0x00000000d0000000,0x00000000d615f1b0,0x00000000d7b80000)
Event: 371,862 GC heap after
Heap after GC invocations=77 (full 12):
 PSYoungGen      total 114176K, used 4540K [0x00000000f5500000, 0x00000000fd980000, 0x0000000100000000)
  eden space 94208K, 0% used [0x00000000f5500000,0x00000000f5500000,0x00000000fb100000)
  from space 19968K, 22% used [0x00000000fb100000,0x00000000fb56f1b8,0x00000000fc480000)
  to   space 19456K, 0% used [0x00000000fc680000,0x00000000fc680000,0x00000000fd980000)
 ParOldGen       total 207872K, used 157752K [0x00000000e0000000, 0x00000000ecb00000, 0x00000000f5500000)
  object space 207872K, 75% used [0x00000000e0000000,0x00000000e9a0e270,0x00000000ecb00000)
 PSPermGen       total 126464K, used 99708K [0x00000000d0000000, 0x00000000d7b80000, 0x00000000e0000000)
  object space 126464K, 78% used [0x00000000d0000000,0x00000000d615f1b0,0x00000000d7b80000)
}
Event: 371,862 GC heap before
{Heap before GC invocations=78 (full 13):
 PSYoungGen      total 114176K, used 4540K [0x00000000f5500000, 0x00000000fd980000, 0x0000000100000000)
  eden space 94208K, 0% used [0x00000000f5500000,0x00000000f5500000,0x00000000fb100000)
  from space 19968K, 22% used [0x00000000fb100000,0x00000000fb56f1b8,0x00000000fc480000)
  to   space 19456K, 0% used [0x00000000fc680000,0x00000000fc680000,0x00000000fd980000)
 ParOldGen       total 207872K, used 157752K [0x00000000e0000000, 0x00000000ecb00000, 0x00000000f5500000)
  object space 207872K, 75% used [0x00000000e0000000,0x00000000e9a0e270,0x00000000ecb00000)
 PSPermGen       total 126464K, used 99708K [0x00000000d0000000, 0x00000000d7b80000, 0x00000000e0000000)
  object space 126464K, 78% used [0x00000000d0000000,0x00000000d615f1b0,0x00000000d7b80000)
Event: 372,160 GC heap after
Heap after GC invocations=78 (full 13):
 PSYoungGen      total 114176K, used 0K [0x00000000f5500000, 0x00000000fd980000, 0x0000000100000000)
  eden space 94208K, 0% used [0x00000000f5500000,0x00000000f5500000,0x00000000fb100000)
  from space 19968K, 0% used [0x00000000fb100000,0x00000000fb100000,0x00000000fc480000)
  to   space 19456K, 0% used [0x00000000fc680000,0x00000000fc680000,0x00000000fd980000)
 ParOldGen       total 207872K, used 151573K [0x00000000e0000000, 0x00000000ecb00000, 0x00000000f5500000)
  object space 207872K, 72% used [0x00000000e0000000,0x00000000e94055e8,0x00000000ecb00000)
 PSPermGen       total 125440K, used 99698K [0x00000000d0000000, 0x00000000d7a80000, 0x00000000e0000000)
  object space 125440K, 79% used [0x00000000d0000000,0x00000000d615cbc8,0x00000000d7a80000)
}
Event: 397,702 GC heap before
{Heap before GC invocations=79 (full 13):
 PSYoungGen      total 114176K, used 94208K [0x00000000f5500000, 0x00000000fd980000, 0x0000000100000000)
  eden space 94208K, 100% used [0x00000000f5500000,0x00000000fb100000,0x00000000fb100000)
  from space 19968K, 0% used [0x00000000fb100000,0x00000000fb100000,0x00000000fc480000)
  to   space 19456K, 0% used [0x00000000fc680000,0x00000000fc680000,0x00000000fd980000)
 ParOldGen       total 207872K, used 151573K [0x00000000e0000000, 0x00000000ecb00000, 0x00000000f5500000)
  object space 207872K, 72% used [0x00000000e0000000,0x00000000e94055e8,0x00000000ecb00000)
 PSPermGen       total 125440K, used 100031K [0x00000000d0000000, 0x00000000d7a80000, 0x00000000e0000000)
  object space 125440K, 79% used [0x00000000d0000000,0x00000000d61afe68,0x00000000d7a80000)
Event: 397,708 GC heap after
Heap after GC invocations=79 (full 13):
 PSYoungGen      total 116736K, used 5205K [0x00000000f5500000, 0x00000000fd980000, 0x0000000100000000)
  eden space 97280K, 0% used [0x00000000f5500000,0x00000000f5500000,0x00000000fb400000)
  from space 19456K, 26% used [0x00000000fc680000,0x00000000fcb957e8,0x00000000fd980000)
  to   space 18944K, 0% used [0x00000000fb400000,0x00000000fb400000,0x00000000fc680000)
 ParOldGen       total 207872K, used 151573K [0x00000000e0000000, 0x00000000ecb00000, 0x00000000f5500000)
  object space 207872K, 72% used [0x00000000e0000000,0x00000000e94055e8,0x00000000ecb00000)
 PSPermGen       total 125440K, used 100031K [0x00000000d0000000, 0x00000000d7a80000, 0x00000000e0000000)
  object space 125440K, 79% used [0x00000000d0000000,0x00000000d61afe68,0x00000000d7a80000)
}
Event: 397,937 GC heap before
{Heap before GC invocations=80 (full 13):
 PSYoungGen      total 116736K, used 102485K [0x00000000f5500000, 0x00000000fd980000, 0x0000000100000000)
  eden space 97280K, 100% used [0x00000000f5500000,0x00000000fb400000,0x00000000fb400000)
  from space 19456K, 26% used [0x00000000fc680000,0x00000000fcb957e8,0x00000000fd980000)
  to   space 18944K, 0% used [0x00000000fb400000,0x00000000fb400000,0x00000000fc680000)
 ParOldGen       total 207872K, used 151573K [0x00000000e0000000, 0x00000000ecb00000, 0x00000000f5500000)
  object space 207872K, 72% used [0x00000000e0000000,0x00000000e94055e8,0x00000000ecb00000)
 PSPermGen       total 125440K, used 100169K [0x00000000d0000000, 0x00000000d7a80000, 0x00000000e0000000)
  object space 125440K, 79% used [0x00000000d0000000,0x00000000d61d24d8,0x00000000d7a80000)
Event: 397,943 GC heap after
Heap after GC invocations=80 (full 13):
 PSYoungGen      total 116224K, used 5050K [0x00000000f5500000, 0x00000000fda80000, 0x0000000100000000)
  eden space 97280K, 0% used [0x00000000f5500000,0x00000000f5500000,0x00000000fb400000)
  from space 18944K, 26% used [0x00000000fb400000,0x00000000fb8ee8e8,0x00000000fc680000)
  to   space 17920K, 0% used [0x00000000fc900000,0x00000000fc900000,0x00000000fda80000)
 ParOldGen       total 207872K, used 151573K [0x00000000e0000000, 0x00000000ecb00000, 0x00000000f5500000)
  object space 207872K, 72% used [0x00000000e0000000,0x00000000e94055e8,0x00000000ecb00000)
 PSPermGen       total 125440K, used 100169K [0x00000000d0000000, 0x00000000d7a80000, 0x00000000e0000000)
  object space 125440K, 79% used [0x00000000d0000000,0x00000000d61d24d8,0x00000000d7a80000)
}

